<?xml version="1.0" encoding="UTF-8"?>
<testng-results ignored="0" total="2" passed="2" failed="0" skipped="0">
  <reporter-output>
  </reporter-output>
  <suite started-at="2024-03-31T20:54:21 IST" name="Suite" finished-at="2024-03-31T20:54:25 IST" duration-ms="4480">
    <groups>
    </groups>
    <test started-at="2024-03-31T20:54:21 IST" name="Test" finished-at="2024-03-31T20:54:25 IST" duration-ms="4480">
      <class name="Selemium.Framework.HomePageTest">
        <test-method is-config="true" signature="browserSetUp()[pri:0, instance:Selemium.Framework.HomePageTest@1a6d8329]" started-at="2024-03-31T20:54:21 IST" name="browserSetUp" finished-at="2024-03-31T20:54:23 IST" duration-ms="2069" status="PASS">
          <reporter-output>
          </reporter-output>
        </test-method> <!-- browserSetUp -->
        <test-method signature="test1()[pri:0, instance:Selemium.Framework.HomePageTest@1a6d8329]" started-at="2024-03-31T20:54:23 IST" name="test1" finished-at="2024-03-31T20:54:25 IST" duration-ms="2154" status="PASS">
          <reporter-output>
          </reporter-output>
        </test-method> <!-- test1 -->
        <test-method is-config="true" signature="closeBrowser()[pri:0, instance:Selemium.Framework.HomePageTest@1a6d8329]" started-at="2024-03-31T20:54:25 IST" name="closeBrowser" finished-at="2024-03-31T20:54:25 IST" duration-ms="210" status="PASS">
          <reporter-output>
          </reporter-output>
        </test-method> <!-- closeBrowser -->
      </class> <!-- Selemium.Framework.HomePageTest -->
      <class name="Selemium.Framework.ContactPageTest">
        <test-method signature="display()[pri:0, instance:Selemium.Framework.ContactPageTest@2892d68]" started-at="2024-03-31T20:54:25 IST" name="display" finished-at="2024-03-31T20:54:25 IST" duration-ms="1" status="PASS">
          <reporter-output>
          </reporter-output>
        </test-method> <!-- display -->
      </class> <!-- Selemium.Framework.ContactPageTest -->
    </test> <!-- Test -->
  </suite> <!-- Suite -->
</testng-results>
